mode: set
github.com/apecloud/ape-dts/cmd/ape-dts/main.go:30.13,31.42 1 0
github.com/apecloud/ape-dts/cmd/ape-dts/main.go:31.42,34.3 2 0
github.com/apecloud/ape-dts/cmd/ape-dts/main.go:45.67,48.21 2 0
github.com/apecloud/ape-dts/cmd/ape-dts/main.go:48.21,50.4 1 0
github.com/apecloud/ape-dts/cmd/ape-dts/main.go:52.3,52.14 1 0
github.com/apecloud/ape-dts/cmd/ape-dts/main.go:52.14,54.4 1 0
github.com/apecloud/ape-dts/cmd/ape-dts/main.go:57.3,57.82 1 0
github.com/apecloud/ape-dts/cmd/ape-dts/main.go:57.82,59.4 1 0
github.com/apecloud/ape-dts/cmd/ape-dts/main.go:62.3,62.56 1 0
github.com/apecloud/ape-dts/cmd/ape-dts/main.go:62.56,64.4 1 0
github.com/apecloud/ape-dts/cmd/ape-dts/main.go:66.3,66.13 1 0
github.com/apecloud/ape-dts/cmd/ape-dts/main.go:68.54,71.3 1 0
github.com/apecloud/ape-dts/cmd/ape-dts/main.go:74.13,96.2 16 1
github.com/apecloud/ape-dts/cmd/ape-dts/main.go:105.54,106.13 1 1
github.com/apecloud/ape-dts/cmd/ape-dts/main.go:106.13,108.4 1 1
github.com/apecloud/ape-dts/cmd/ape-dts/main.go:110.3,111.42 2 0
github.com/apecloud/ape-dts/cmd/ape-dts/main.go:122.54,123.13 1 1
github.com/apecloud/ape-dts/cmd/ape-dts/main.go:123.13,125.4 1 1
github.com/apecloud/ape-dts/cmd/ape-dts/main.go:127.3,128.42 2 0
github.com/apecloud/ape-dts/cmd/ape-dts/main.go:139.54,140.13 1 1
github.com/apecloud/ape-dts/cmd/ape-dts/main.go:140.13,142.4 1 1
github.com/apecloud/ape-dts/cmd/ape-dts/main.go:144.3,145.43 2 0
github.com/apecloud/ape-dts/cmd/ape-dts/main.go:156.54,157.13 1 1
github.com/apecloud/ape-dts/cmd/ape-dts/main.go:157.13,159.4 1 1
github.com/apecloud/ape-dts/cmd/ape-dts/main.go:161.3,162.42 2 0
github.com/apecloud/ape-dts/cmd/ape-dts/main.go:173.54,174.13 1 1
github.com/apecloud/ape-dts/cmd/ape-dts/main.go:174.13,176.4 1 1
github.com/apecloud/ape-dts/cmd/ape-dts/main.go:178.3,179.43 2 0
github.com/apecloud/ape-dts/cmd/ape-dts/main.go:190.54,191.13 1 1
github.com/apecloud/ape-dts/cmd/ape-dts/main.go:191.13,193.4 1 1
github.com/apecloud/ape-dts/cmd/ape-dts/main.go:195.3,196.42 2 0
github.com/apecloud/ape-dts/cmd/ape-dts/main.go:207.54,210.3 2 0
github.com/apecloud/ape-dts/cmd/ape-dts/main.go:220.54,224.3 3 0
github.com/apecloud/ape-dts/cmd/ape-dts/main.go:227.13,270.2 27 1
github.com/apecloud/ape-dts/cmd/ape-dts/main.go:272.27,278.12 4 0
github.com/apecloud/ape-dts/cmd/ape-dts/main.go:278.12,285.3 5 0
github.com/apecloud/ape-dts/cmd/ape-dts/main.go:288.41,289.71 1 1
github.com/apecloud/ape-dts/cmd/ape-dts/main.go:289.71,290.71 1 1
github.com/apecloud/ape-dts/cmd/ape-dts/main.go:290.71,292.4 1 1
github.com/apecloud/ape-dts/cmd/ape-dts/main.go:294.2,294.24 1 1
github.com/apecloud/ape-dts/cmd/ape-dts/main.go:297.61,302.16 3 1
github.com/apecloud/ape-dts/cmd/ape-dts/main.go:302.16,304.3 1 1
github.com/apecloud/ape-dts/cmd/ape-dts/main.go:306.2,307.14 2 1
github.com/apecloud/ape-dts/cmd/ape-dts/main.go:307.14,315.3 7 1
github.com/apecloud/ape-dts/cmd/ape-dts/main.go:317.2,317.12 1 1
github.com/apecloud/ape-dts/cmd/ape-dts/main.go:320.49,323.12 2 1
github.com/apecloud/ape-dts/cmd/ape-dts/main.go:323.12,326.3 2 1
github.com/apecloud/ape-dts/cmd/ape-dts/main.go:328.2,329.41 2 1
github.com/apecloud/ape-dts/cmd/ape-dts/main.go:332.52,334.16 2 1
github.com/apecloud/ape-dts/cmd/ape-dts/main.go:334.16,336.3 1 0
github.com/apecloud/ape-dts/cmd/ape-dts/main.go:338.2,344.16 6 1
github.com/apecloud/ape-dts/cmd/ape-dts/main.go:344.16,346.3 1 0
github.com/apecloud/ape-dts/cmd/ape-dts/main.go:348.2,354.12 3 1
github.com/apecloud/ape-dts/cmd/ape-dts/main.go:357.53,361.2 1 0
github.com/apecloud/ape-dts/cmd/ape-dts/main.go:363.78,369.16 5 1
github.com/apecloud/ape-dts/cmd/ape-dts/main.go:369.16,371.3 1 0
github.com/apecloud/ape-dts/cmd/ape-dts/main.go:373.2,382.21 9 1
github.com/apecloud/ape-dts/cmd/ape-dts/main.go:382.21,384.42 2 1
github.com/apecloud/ape-dts/cmd/ape-dts/main.go:384.42,386.4 1 1
github.com/apecloud/ape-dts/cmd/ape-dts/main.go:387.3,387.39 1 1
github.com/apecloud/ape-dts/cmd/ape-dts/main.go:387.39,389.4 1 1
github.com/apecloud/ape-dts/cmd/ape-dts/main.go:392.2,392.17 1 1
github.com/apecloud/ape-dts/cmd/ape-dts/main.go:392.17,398.3 5 1
github.com/apecloud/ape-dts/cmd/ape-dts/main.go:400.2,400.12 1 1
github.com/apecloud/ape-dts/cmd/ape-dts/main.go:403.38,406.15 1 1
github.com/apecloud/ape-dts/cmd/ape-dts/main.go:406.15,408.3 1 1
github.com/apecloud/ape-dts/cmd/ape-dts/main.go:412.2,412.12 1 1
github.com/apecloud/ape-dts/pkg/common/errors/errors.go:40.32,41.20 1 1
github.com/apecloud/ape-dts/pkg/common/errors/errors.go:41.20,43.3 1 1
github.com/apecloud/ape-dts/pkg/common/errors/errors.go:44.2,44.57 1 1
github.com/apecloud/ape-dts/pkg/common/errors/errors.go:47.32,49.2 1 1
github.com/apecloud/ape-dts/pkg/common/errors/errors.go:51.37,52.16 1 1
github.com/apecloud/ape-dts/pkg/common/errors/errors.go:53.19,54.24 1 1
github.com/apecloud/ape-dts/pkg/common/errors/errors.go:55.22,56.27 1 1
github.com/apecloud/ape-dts/pkg/common/errors/errors.go:57.21,58.26 1 1
github.com/apecloud/ape-dts/pkg/common/errors/errors.go:59.19,60.24 1 1
github.com/apecloud/ape-dts/pkg/common/errors/errors.go:61.22,62.27 1 1
github.com/apecloud/ape-dts/pkg/common/errors/errors.go:63.19,64.24 1 1
github.com/apecloud/ape-dts/pkg/common/errors/errors.go:65.17,66.21 1 1
github.com/apecloud/ape-dts/pkg/common/errors/errors.go:67.23,68.28 1 1
github.com/apecloud/ape-dts/pkg/common/errors/errors.go:69.21,70.27 1 1
github.com/apecloud/ape-dts/pkg/common/errors/errors.go:71.21,72.27 1 1
github.com/apecloud/ape-dts/pkg/common/errors/errors.go:73.24,74.30 1 1
github.com/apecloud/ape-dts/pkg/common/errors/errors.go:75.21,76.26 1 1
github.com/apecloud/ape-dts/pkg/common/errors/errors.go:77.15,78.20 1 1
github.com/apecloud/ape-dts/pkg/common/errors/errors.go:79.17,80.22 1 1
github.com/apecloud/ape-dts/pkg/common/errors/errors.go:81.17,82.22 1 1
github.com/apecloud/ape-dts/pkg/common/errors/errors.go:83.20,84.25 1 1
github.com/apecloud/ape-dts/pkg/common/errors/errors.go:85.19,86.24 1 1
github.com/apecloud/ape-dts/pkg/common/errors/errors.go:87.23,88.29 1 1
github.com/apecloud/ape-dts/pkg/common/errors/errors.go:89.22,90.28 1 1
github.com/apecloud/ape-dts/pkg/common/errors/errors.go:91.17,92.22 1 1
github.com/apecloud/ape-dts/pkg/common/errors/errors.go:93.23,94.29 1 1
github.com/apecloud/ape-dts/pkg/common/errors/errors.go:95.16,96.21 1 1
github.com/apecloud/ape-dts/pkg/common/errors/errors.go:97.10,98.25 1 0
github.com/apecloud/ape-dts/pkg/common/errors/errors.go:102.52,107.2 1 1
github.com/apecloud/ape-dts/pkg/common/errors/errors.go:109.66,115.2 1 1
github.com/apecloud/ape-dts/pkg/common/utils/logger.go:28.13,33.4 1 1
github.com/apecloud/ape-dts/pkg/common/utils/logger.go:33.4,41.3 5 1
github.com/apecloud/ape-dts/pkg/common/utils/logger.go:44.54,45.43 1 1
github.com/apecloud/ape-dts/pkg/common/utils/logger.go:45.43,47.3 1 1
github.com/apecloud/ape-dts/pkg/common/utils/logger.go:48.2,48.31 1 1
github.com/apecloud/ape-dts/pkg/common/utils/logger.go:51.63,52.43 1 1
github.com/apecloud/ape-dts/pkg/common/utils/logger.go:52.43,54.3 1 1
github.com/apecloud/ape-dts/pkg/common/utils/logger.go:57.64,58.43 1 1
github.com/apecloud/ape-dts/pkg/common/utils/logger.go:58.43,60.3 1 1
github.com/apecloud/ape-dts/pkg/common/utils/logger.go:63.35,65.2 1 1
github.com/apecloud/ape-dts/pkg/common/utils/logger.go:67.35,69.2 1 1
github.com/apecloud/ape-dts/pkg/common/utils/logger.go:71.36,73.2 1 1
github.com/apecloud/ape-dts/pkg/common/utils/logger.go:75.39,77.2 1 1
github.com/apecloud/ape-dts/pkg/common/utils/logger.go:79.38,81.2 1 1
github.com/apecloud/ape-dts/pkg/common/utils/logger.go:83.40,85.2 1 1
github.com/apecloud/ape-dts/pkg/common/utils/logger.go:87.39,89.2 1 1
github.com/apecloud/ape-dts/pkg/common/utils/logger.go:91.34,93.2 1 1
github.com/apecloud/ape-dts/pkg/common/utils/logger.go:95.36,97.2 1 1
github.com/apecloud/ape-dts/pkg/common/utils/logger.go:99.35,101.2 1 1
github.com/apecloud/ape-dts/pkg/common/utils/logger.go:103.35,105.2 1 1
github.com/apecloud/ape-dts/pkg/common/utils/logger.go:107.36,109.2 1 1
github.com/apecloud/ape-dts/pkg/common/utils/logger.go:111.35,113.2 1 1
github.com/apecloud/ape-dts/pkg/common/utils/logger.go:115.51,117.2 1 1
github.com/apecloud/ape-dts/pkg/common/utils/logger.go:119.51,121.2 1 1
github.com/apecloud/ape-dts/pkg/common/utils/logger.go:123.52,125.2 1 1
github.com/apecloud/ape-dts/pkg/common/utils/logger.go:127.55,129.2 1 1
github.com/apecloud/ape-dts/pkg/common/utils/logger.go:131.54,133.2 1 1
github.com/apecloud/ape-dts/pkg/common/utils/logger.go:135.56,137.2 1 1
github.com/apecloud/ape-dts/pkg/common/utils/logger.go:139.55,141.2 1 1
github.com/apecloud/ape-dts/pkg/common/utils/logger.go:143.50,145.2 1 1
github.com/apecloud/ape-dts/pkg/common/utils/logger.go:147.52,149.2 1 1
github.com/apecloud/ape-dts/pkg/common/utils/logger.go:151.51,153.2 1 1
github.com/apecloud/ape-dts/pkg/common/utils/logger.go:155.51,157.2 1 1
github.com/apecloud/ape-dts/pkg/common/utils/logger.go:159.52,161.2 1 1
github.com/apecloud/ape-dts/pkg/common/utils/logger.go:163.51,165.2 1 1
github.com/apecloud/ape-dts/pkg/common/utils/logger.go:167.32,170.32 2 0
github.com/apecloud/ape-dts/pkg/common/utils/logger.go:171.15,172.31 1 0
github.com/apecloud/ape-dts/pkg/common/utils/logger.go:173.15,174.31 1 0
github.com/apecloud/ape-dts/pkg/common/utils/logger.go:175.14,176.30 1 0
github.com/apecloud/ape-dts/pkg/common/utils/logger.go:177.25,178.30 1 0
github.com/apecloud/ape-dts/pkg/common/utils/logger.go:179.15,180.31 1 0
github.com/apecloud/ape-dts/pkg/common/utils/logger.go:181.15,182.31 1 0
github.com/apecloud/ape-dts/pkg/common/utils/logger.go:183.15,184.31 1 0
github.com/apecloud/ape-dts/pkg/common/utils/logger.go:185.10,186.30 1 0
github.com/apecloud/ape-dts/pkg/common/utils/logger.go:190.2,190.33 1 0
github.com/apecloud/ape-dts/pkg/common/utils/logger.go:190.33,192.3 1 0
github.com/apecloud/ape-dts/pkg/common/utils/time_filter.go:16.74,20.24 3 1
github.com/apecloud/ape-dts/pkg/common/utils/time_filter.go:20.24,23.3 2 1
github.com/apecloud/ape-dts/pkg/common/utils/time_filter.go:23.8,25.17 2 1
github.com/apecloud/ape-dts/pkg/common/utils/time_filter.go:25.17,27.4 1 1
github.com/apecloud/ape-dts/pkg/common/utils/time_filter.go:28.3,29.18 2 1
github.com/apecloud/ape-dts/pkg/common/utils/time_filter.go:32.2,33.22 2 1
github.com/apecloud/ape-dts/pkg/common/utils/time_filter.go:33.22,35.3 1 1
github.com/apecloud/ape-dts/pkg/common/utils/time_filter.go:35.8,37.17 2 1
github.com/apecloud/ape-dts/pkg/common/utils/time_filter.go:37.17,39.4 1 1
github.com/apecloud/ape-dts/pkg/common/utils/time_filter.go:40.3,40.34 1 1
github.com/apecloud/ape-dts/pkg/common/utils/time_filter.go:43.2,48.8 1 1
github.com/apecloud/ape-dts/pkg/common/utils/time_filter.go:51.38,58.2 1 1
github.com/apecloud/ape-dts/pkg/common/utils/time_filter.go:60.60,61.51 1 1
github.com/apecloud/ape-dts/pkg/common/utils/time_filter.go:61.51,63.3 1 1
github.com/apecloud/ape-dts/pkg/common/utils/time_filter.go:65.2,65.61 1 1
github.com/apecloud/ape-dts/pkg/common/utils/time_filter.go:65.61,68.3 2 1
github.com/apecloud/ape-dts/pkg/common/utils/time_filter.go:70.2,70.32 1 1
github.com/apecloud/ape-dts/pkg/common/config/enums.go:52.33,53.36 1 1
github.com/apecloud/ape-dts/pkg/common/config/enums.go:53.36,55.3 1 1
github.com/apecloud/ape-dts/pkg/common/config/enums.go:56.2,56.16 1 0
github.com/apecloud/ape-dts/pkg/common/config/enums.go:59.44,60.56 1 1
github.com/apecloud/ape-dts/pkg/common/config/enums.go:60.56,62.3 1 1
github.com/apecloud/ape-dts/pkg/common/config/enums.go:63.2,63.58 1 1
github.com/apecloud/ape-dts/pkg/common/config/enums.go:104.38,105.41 1 1
github.com/apecloud/ape-dts/pkg/common/config/enums.go:105.41,107.3 1 1
github.com/apecloud/ape-dts/pkg/common/config/enums.go:108.2,108.19 1 0
github.com/apecloud/ape-dts/pkg/common/config/enums.go:111.54,112.66 1 1
github.com/apecloud/ape-dts/pkg/common/config/enums.go:112.66,114.3 1 1
github.com/apecloud/ape-dts/pkg/common/config/enums.go:115.2,115.71 1 1
github.com/apecloud/ape-dts/pkg/common/config/enums.go:153.35,154.38 1 1
github.com/apecloud/ape-dts/pkg/common/config/enums.go:154.38,156.3 1 1
github.com/apecloud/ape-dts/pkg/common/config/enums.go:157.2,157.16 1 0
github.com/apecloud/ape-dts/pkg/common/config/enums.go:160.48,161.60 1 1
github.com/apecloud/ape-dts/pkg/common/config/enums.go:161.60,163.3 1 1
github.com/apecloud/ape-dts/pkg/common/config/enums.go:164.2,164.62 1 1
github.com/apecloud/ape-dts/pkg/common/config/enums.go:205.39,206.42 1 1
github.com/apecloud/ape-dts/pkg/common/config/enums.go:206.42,208.3 1 1
github.com/apecloud/ape-dts/pkg/common/config/enums.go:209.2,209.17 1 0
github.com/apecloud/ape-dts/pkg/common/config/enums.go:212.56,213.68 1 1
github.com/apecloud/ape-dts/pkg/common/config/enums.go:213.68,215.3 1 1
github.com/apecloud/ape-dts/pkg/common/config/enums.go:216.2,216.71 1 1
github.com/apecloud/ape-dts/pkg/common/config/enums.go:236.39,237.42 1 1
github.com/apecloud/ape-dts/pkg/common/config/enums.go:237.42,239.3 1 1
github.com/apecloud/ape-dts/pkg/common/config/enums.go:240.2,240.16 1 0
github.com/apecloud/ape-dts/pkg/common/config/enums.go:243.56,244.68 1 1
github.com/apecloud/ape-dts/pkg/common/config/enums.go:244.68,246.3 1 1
github.com/apecloud/ape-dts/pkg/common/config/enums.go:247.2,247.70 1 1
github.com/apecloud/ape-dts/pkg/common/config/enums.go:267.41,268.44 1 1
github.com/apecloud/ape-dts/pkg/common/config/enums.go:268.44,270.3 1 1
github.com/apecloud/ape-dts/pkg/common/config/enums.go:271.2,271.20 1 0
github.com/apecloud/ape-dts/pkg/common/config/enums.go:274.60,275.64 1 1
github.com/apecloud/ape-dts/pkg/common/config/enums.go:275.64,277.3 1 1
github.com/apecloud/ape-dts/pkg/common/config/enums.go:278.2,278.78 1 1
github.com/apecloud/ape-dts/pkg/common/config/enums.go:304.35,305.38 1 1
github.com/apecloud/ape-dts/pkg/common/config/enums.go:305.38,307.3 1 1
github.com/apecloud/ape-dts/pkg/common/config/enums.go:308.2,308.19 1 0
github.com/apecloud/ape-dts/pkg/common/config/enums.go:311.48,312.60 1 1
github.com/apecloud/ape-dts/pkg/common/config/enums.go:312.60,314.3 1 1
github.com/apecloud/ape-dts/pkg/common/config/enums.go:315.2,315.65 1 1
github.com/apecloud/ape-dts/pkg/common/config/enums.go:318.82,319.9 1 1
github.com/apecloud/ape-dts/pkg/common/config/enums.go:320.70,321.29 1 1
github.com/apecloud/ape-dts/pkg/common/config/enums.go:322.71,323.31 1 1
github.com/apecloud/ape-dts/pkg/common/config/enums.go:324.66,325.26 1 1
github.com/apecloud/ape-dts/pkg/common/config/enums.go:326.71,327.28 1 1
github.com/apecloud/ape-dts/pkg/common/config/enums.go:328.106,329.28 1 1
github.com/apecloud/ape-dts/pkg/common/config/enums.go:330.10,331.119 1 1
github.com/apecloud/ape-dts/pkg/common/config/task_config.go:113.60,114.55 1 1
github.com/apecloud/ape-dts/pkg/common/config/task_config.go:114.55,116.3 1 1
github.com/apecloud/ape-dts/pkg/common/config/task_config.go:118.2,119.16 2 1
github.com/apecloud/ape-dts/pkg/common/config/task_config.go:119.16,121.3 1 0
github.com/apecloud/ape-dts/pkg/common/config/task_config.go:123.2,125.56 2 1
github.com/apecloud/ape-dts/pkg/common/config/task_config.go:125.56,127.3 1 1
github.com/apecloud/ape-dts/pkg/common/config/task_config.go:129.2,129.53 1 1
github.com/apecloud/ape-dts/pkg/common/config/task_config.go:129.53,131.3 1 1
github.com/apecloud/ape-dts/pkg/common/config/task_config.go:133.2,133.54 1 1
github.com/apecloud/ape-dts/pkg/common/config/task_config.go:133.54,135.3 1 0
github.com/apecloud/ape-dts/pkg/common/config/task_config.go:137.2,137.59 1 1
github.com/apecloud/ape-dts/pkg/common/config/task_config.go:137.59,139.3 1 1
github.com/apecloud/ape-dts/pkg/common/config/task_config.go:141.2,141.55 1 1
github.com/apecloud/ape-dts/pkg/common/config/task_config.go:141.55,143.3 1 0
github.com/apecloud/ape-dts/pkg/common/config/task_config.go:145.2,145.53 1 1
github.com/apecloud/ape-dts/pkg/common/config/task_config.go:145.53,147.3 1 0
github.com/apecloud/ape-dts/pkg/common/config/task_config.go:149.2,149.53 1 1
github.com/apecloud/ape-dts/pkg/common/config/task_config.go:149.53,151.3 1 0
github.com/apecloud/ape-dts/pkg/common/config/task_config.go:153.2,153.54 1 1
github.com/apecloud/ape-dts/pkg/common/config/task_config.go:153.54,155.3 1 0
github.com/apecloud/ape-dts/pkg/common/config/task_config.go:157.2,157.20 1 1
github.com/apecloud/ape-dts/pkg/common/config/task_config.go:160.64,165.16 4 1
github.com/apecloud/ape-dts/pkg/common/config/task_config.go:165.16,167.3 1 0
github.com/apecloud/ape-dts/pkg/common/config/task_config.go:169.2,171.16 3 1
github.com/apecloud/ape-dts/pkg/common/config/task_config.go:171.16,173.3 1 1
github.com/apecloud/ape-dts/pkg/common/config/task_config.go:175.2,181.12 2 1
github.com/apecloud/ape-dts/pkg/common/config/task_config.go:184.61,189.16 4 1
github.com/apecloud/ape-dts/pkg/common/config/task_config.go:189.16,191.3 1 0
github.com/apecloud/ape-dts/pkg/common/config/task_config.go:193.2,195.16 3 1
github.com/apecloud/ape-dts/pkg/common/config/task_config.go:195.16,197.3 1 1
github.com/apecloud/ape-dts/pkg/common/config/task_config.go:199.2,206.12 2 1
github.com/apecloud/ape-dts/pkg/common/config/task_config.go:209.62,220.2 3 1
github.com/apecloud/ape-dts/pkg/common/config/task_config.go:222.67,227.16 4 1
github.com/apecloud/ape-dts/pkg/common/config/task_config.go:227.16,229.3 1 1
github.com/apecloud/ape-dts/pkg/common/config/task_config.go:231.2,236.12 2 1
github.com/apecloud/ape-dts/pkg/common/config/task_config.go:239.63,244.16 4 1
github.com/apecloud/ape-dts/pkg/common/config/task_config.go:244.16,246.3 1 0
github.com/apecloud/ape-dts/pkg/common/config/task_config.go:248.2,262.12 2 1
github.com/apecloud/ape-dts/pkg/common/config/task_config.go:265.61,283.2 3 1
github.com/apecloud/ape-dts/pkg/common/config/task_config.go:285.61,296.2 3 1
github.com/apecloud/ape-dts/pkg/common/config/task_config.go:298.62,308.2 3 1
