mode: set
github.com/apecloud/ape-dts/pkg/common/config/enums.go:52.33,53.36 1 1
github.com/apecloud/ape-dts/pkg/common/config/enums.go:53.36,55.3 1 1
github.com/apecloud/ape-dts/pkg/common/config/enums.go:56.2,56.16 1 0
github.com/apecloud/ape-dts/pkg/common/config/enums.go:59.44,60.56 1 1
github.com/apecloud/ape-dts/pkg/common/config/enums.go:60.56,62.3 1 1
github.com/apecloud/ape-dts/pkg/common/config/enums.go:63.2,63.58 1 1
github.com/apecloud/ape-dts/pkg/common/config/enums.go:104.38,105.41 1 1
github.com/apecloud/ape-dts/pkg/common/config/enums.go:105.41,107.3 1 1
github.com/apecloud/ape-dts/pkg/common/config/enums.go:108.2,108.19 1 0
github.com/apecloud/ape-dts/pkg/common/config/enums.go:111.54,112.66 1 1
github.com/apecloud/ape-dts/pkg/common/config/enums.go:112.66,114.3 1 1
github.com/apecloud/ape-dts/pkg/common/config/enums.go:115.2,115.71 1 1
github.com/apecloud/ape-dts/pkg/common/config/enums.go:153.35,154.38 1 1
github.com/apecloud/ape-dts/pkg/common/config/enums.go:154.38,156.3 1 1
github.com/apecloud/ape-dts/pkg/common/config/enums.go:157.2,157.16 1 0
github.com/apecloud/ape-dts/pkg/common/config/enums.go:160.48,161.60 1 1
github.com/apecloud/ape-dts/pkg/common/config/enums.go:161.60,163.3 1 1
github.com/apecloud/ape-dts/pkg/common/config/enums.go:164.2,164.62 1 1
github.com/apecloud/ape-dts/pkg/common/config/enums.go:205.39,206.42 1 1
github.com/apecloud/ape-dts/pkg/common/config/enums.go:206.42,208.3 1 1
github.com/apecloud/ape-dts/pkg/common/config/enums.go:209.2,209.17 1 0
github.com/apecloud/ape-dts/pkg/common/config/enums.go:212.56,213.68 1 1
github.com/apecloud/ape-dts/pkg/common/config/enums.go:213.68,215.3 1 1
github.com/apecloud/ape-dts/pkg/common/config/enums.go:216.2,216.71 1 1
github.com/apecloud/ape-dts/pkg/common/config/enums.go:236.39,237.42 1 1
github.com/apecloud/ape-dts/pkg/common/config/enums.go:237.42,239.3 1 1
github.com/apecloud/ape-dts/pkg/common/config/enums.go:240.2,240.16 1 0
github.com/apecloud/ape-dts/pkg/common/config/enums.go:243.56,244.68 1 1
github.com/apecloud/ape-dts/pkg/common/config/enums.go:244.68,246.3 1 1
github.com/apecloud/ape-dts/pkg/common/config/enums.go:247.2,247.70 1 1
github.com/apecloud/ape-dts/pkg/common/config/enums.go:267.41,268.44 1 1
github.com/apecloud/ape-dts/pkg/common/config/enums.go:268.44,270.3 1 1
github.com/apecloud/ape-dts/pkg/common/config/enums.go:271.2,271.20 1 0
github.com/apecloud/ape-dts/pkg/common/config/enums.go:274.60,275.64 1 1
github.com/apecloud/ape-dts/pkg/common/config/enums.go:275.64,277.3 1 1
github.com/apecloud/ape-dts/pkg/common/config/enums.go:278.2,278.78 1 1
github.com/apecloud/ape-dts/pkg/common/config/enums.go:304.35,305.38 1 1
github.com/apecloud/ape-dts/pkg/common/config/enums.go:305.38,307.3 1 1
github.com/apecloud/ape-dts/pkg/common/config/enums.go:308.2,308.19 1 0
github.com/apecloud/ape-dts/pkg/common/config/enums.go:311.48,312.60 1 1
github.com/apecloud/ape-dts/pkg/common/config/enums.go:312.60,314.3 1 1
github.com/apecloud/ape-dts/pkg/common/config/enums.go:315.2,315.65 1 1
github.com/apecloud/ape-dts/pkg/common/config/enums.go:318.82,319.9 1 1
github.com/apecloud/ape-dts/pkg/common/config/enums.go:320.70,321.29 1 1
github.com/apecloud/ape-dts/pkg/common/config/enums.go:322.71,323.31 1 1
github.com/apecloud/ape-dts/pkg/common/config/enums.go:324.66,325.26 1 1
github.com/apecloud/ape-dts/pkg/common/config/enums.go:326.71,327.28 1 1
github.com/apecloud/ape-dts/pkg/common/config/enums.go:328.106,329.28 1 1
github.com/apecloud/ape-dts/pkg/common/config/enums.go:330.10,331.119 1 1
github.com/apecloud/ape-dts/pkg/common/config/task_config.go:113.60,114.55 1 1
github.com/apecloud/ape-dts/pkg/common/config/task_config.go:114.55,116.3 1 1
github.com/apecloud/ape-dts/pkg/common/config/task_config.go:118.2,119.16 2 1
github.com/apecloud/ape-dts/pkg/common/config/task_config.go:119.16,121.3 1 0
github.com/apecloud/ape-dts/pkg/common/config/task_config.go:123.2,125.56 2 1
github.com/apecloud/ape-dts/pkg/common/config/task_config.go:125.56,127.3 1 1
github.com/apecloud/ape-dts/pkg/common/config/task_config.go:129.2,129.53 1 1
github.com/apecloud/ape-dts/pkg/common/config/task_config.go:129.53,131.3 1 1
github.com/apecloud/ape-dts/pkg/common/config/task_config.go:133.2,133.54 1 1
github.com/apecloud/ape-dts/pkg/common/config/task_config.go:133.54,135.3 1 0
github.com/apecloud/ape-dts/pkg/common/config/task_config.go:137.2,137.59 1 1
github.com/apecloud/ape-dts/pkg/common/config/task_config.go:137.59,139.3 1 1
github.com/apecloud/ape-dts/pkg/common/config/task_config.go:141.2,141.55 1 1
github.com/apecloud/ape-dts/pkg/common/config/task_config.go:141.55,143.3 1 0
github.com/apecloud/ape-dts/pkg/common/config/task_config.go:145.2,145.53 1 1
github.com/apecloud/ape-dts/pkg/common/config/task_config.go:145.53,147.3 1 0
github.com/apecloud/ape-dts/pkg/common/config/task_config.go:149.2,149.53 1 1
github.com/apecloud/ape-dts/pkg/common/config/task_config.go:149.53,151.3 1 0
github.com/apecloud/ape-dts/pkg/common/config/task_config.go:153.2,153.54 1 1
github.com/apecloud/ape-dts/pkg/common/config/task_config.go:153.54,155.3 1 0
github.com/apecloud/ape-dts/pkg/common/config/task_config.go:157.2,157.20 1 1
github.com/apecloud/ape-dts/pkg/common/config/task_config.go:160.64,165.16 4 1
github.com/apecloud/ape-dts/pkg/common/config/task_config.go:165.16,167.3 1 0
github.com/apecloud/ape-dts/pkg/common/config/task_config.go:169.2,171.16 3 1
github.com/apecloud/ape-dts/pkg/common/config/task_config.go:171.16,173.3 1 1
github.com/apecloud/ape-dts/pkg/common/config/task_config.go:175.2,181.12 2 1
github.com/apecloud/ape-dts/pkg/common/config/task_config.go:184.61,189.16 4 1
github.com/apecloud/ape-dts/pkg/common/config/task_config.go:189.16,191.3 1 0
github.com/apecloud/ape-dts/pkg/common/config/task_config.go:193.2,195.16 3 1
github.com/apecloud/ape-dts/pkg/common/config/task_config.go:195.16,197.3 1 1
github.com/apecloud/ape-dts/pkg/common/config/task_config.go:199.2,206.12 2 1
github.com/apecloud/ape-dts/pkg/common/config/task_config.go:209.62,220.2 3 1
github.com/apecloud/ape-dts/pkg/common/config/task_config.go:222.67,227.16 4 1
github.com/apecloud/ape-dts/pkg/common/config/task_config.go:227.16,229.3 1 1
github.com/apecloud/ape-dts/pkg/common/config/task_config.go:231.2,236.12 2 1
github.com/apecloud/ape-dts/pkg/common/config/task_config.go:239.63,244.16 4 1
github.com/apecloud/ape-dts/pkg/common/config/task_config.go:244.16,246.3 1 0
github.com/apecloud/ape-dts/pkg/common/config/task_config.go:248.2,262.12 2 1
github.com/apecloud/ape-dts/pkg/common/config/task_config.go:265.61,283.2 3 1
github.com/apecloud/ape-dts/pkg/common/config/task_config.go:285.61,296.2 3 1
github.com/apecloud/ape-dts/pkg/common/config/task_config.go:298.62,308.2 3 1
