mode: set
github.com/apecloud/ape-dts/cmd/ape-dts/main.go:30.13,31.42 1 0
github.com/apecloud/ape-dts/cmd/ape-dts/main.go:31.42,34.3 2 0
github.com/apecloud/ape-dts/cmd/ape-dts/main.go:45.67,48.21 2 0
github.com/apecloud/ape-dts/cmd/ape-dts/main.go:48.21,50.4 1 0
github.com/apecloud/ape-dts/cmd/ape-dts/main.go:52.3,52.14 1 0
github.com/apecloud/ape-dts/cmd/ape-dts/main.go:52.14,54.4 1 0
github.com/apecloud/ape-dts/cmd/ape-dts/main.go:57.3,57.82 1 0
github.com/apecloud/ape-dts/cmd/ape-dts/main.go:57.82,59.4 1 0
github.com/apecloud/ape-dts/cmd/ape-dts/main.go:62.3,62.56 1 0
github.com/apecloud/ape-dts/cmd/ape-dts/main.go:62.56,64.4 1 0
github.com/apecloud/ape-dts/cmd/ape-dts/main.go:66.3,66.13 1 0
github.com/apecloud/ape-dts/cmd/ape-dts/main.go:68.54,71.3 1 0
github.com/apecloud/ape-dts/cmd/ape-dts/main.go:74.13,96.2 16 1
github.com/apecloud/ape-dts/cmd/ape-dts/main.go:105.54,106.13 1 1
github.com/apecloud/ape-dts/cmd/ape-dts/main.go:106.13,108.4 1 1
github.com/apecloud/ape-dts/cmd/ape-dts/main.go:110.3,111.42 2 0
github.com/apecloud/ape-dts/cmd/ape-dts/main.go:122.54,123.13 1 1
github.com/apecloud/ape-dts/cmd/ape-dts/main.go:123.13,125.4 1 1
github.com/apecloud/ape-dts/cmd/ape-dts/main.go:127.3,128.42 2 0
github.com/apecloud/ape-dts/cmd/ape-dts/main.go:139.54,140.13 1 1
github.com/apecloud/ape-dts/cmd/ape-dts/main.go:140.13,142.4 1 1
github.com/apecloud/ape-dts/cmd/ape-dts/main.go:144.3,145.43 2 0
github.com/apecloud/ape-dts/cmd/ape-dts/main.go:156.54,157.13 1 1
github.com/apecloud/ape-dts/cmd/ape-dts/main.go:157.13,159.4 1 1
github.com/apecloud/ape-dts/cmd/ape-dts/main.go:161.3,162.42 2 0
github.com/apecloud/ape-dts/cmd/ape-dts/main.go:173.54,174.13 1 1
github.com/apecloud/ape-dts/cmd/ape-dts/main.go:174.13,176.4 1 1
github.com/apecloud/ape-dts/cmd/ape-dts/main.go:178.3,179.43 2 0
github.com/apecloud/ape-dts/cmd/ape-dts/main.go:190.54,191.13 1 1
github.com/apecloud/ape-dts/cmd/ape-dts/main.go:191.13,193.4 1 1
github.com/apecloud/ape-dts/cmd/ape-dts/main.go:195.3,196.42 2 0
github.com/apecloud/ape-dts/cmd/ape-dts/main.go:207.54,210.3 2 0
github.com/apecloud/ape-dts/cmd/ape-dts/main.go:220.54,224.3 3 0
github.com/apecloud/ape-dts/cmd/ape-dts/main.go:227.13,270.2 27 1
github.com/apecloud/ape-dts/cmd/ape-dts/main.go:272.27,278.12 4 0
github.com/apecloud/ape-dts/cmd/ape-dts/main.go:278.12,285.3 5 0
github.com/apecloud/ape-dts/cmd/ape-dts/main.go:288.41,289.71 1 1
github.com/apecloud/ape-dts/cmd/ape-dts/main.go:289.71,290.71 1 1
github.com/apecloud/ape-dts/cmd/ape-dts/main.go:290.71,292.4 1 1
github.com/apecloud/ape-dts/cmd/ape-dts/main.go:294.2,294.24 1 1
github.com/apecloud/ape-dts/cmd/ape-dts/main.go:297.61,302.16 3 1
github.com/apecloud/ape-dts/cmd/ape-dts/main.go:302.16,304.3 1 1
github.com/apecloud/ape-dts/cmd/ape-dts/main.go:306.2,307.14 2 1
github.com/apecloud/ape-dts/cmd/ape-dts/main.go:307.14,315.3 7 1
github.com/apecloud/ape-dts/cmd/ape-dts/main.go:317.2,317.12 1 1
github.com/apecloud/ape-dts/cmd/ape-dts/main.go:320.49,323.12 2 1
github.com/apecloud/ape-dts/cmd/ape-dts/main.go:323.12,326.3 2 1
github.com/apecloud/ape-dts/cmd/ape-dts/main.go:328.2,329.41 2 1
github.com/apecloud/ape-dts/cmd/ape-dts/main.go:332.52,334.16 2 1
github.com/apecloud/ape-dts/cmd/ape-dts/main.go:334.16,336.3 1 0
github.com/apecloud/ape-dts/cmd/ape-dts/main.go:338.2,344.16 6 1
github.com/apecloud/ape-dts/cmd/ape-dts/main.go:344.16,346.3 1 0
github.com/apecloud/ape-dts/cmd/ape-dts/main.go:348.2,354.12 3 1
github.com/apecloud/ape-dts/cmd/ape-dts/main.go:357.53,361.2 1 0
github.com/apecloud/ape-dts/cmd/ape-dts/main.go:363.78,369.16 5 1
github.com/apecloud/ape-dts/cmd/ape-dts/main.go:369.16,371.3 1 0
github.com/apecloud/ape-dts/cmd/ape-dts/main.go:373.2,382.21 9 1
github.com/apecloud/ape-dts/cmd/ape-dts/main.go:382.21,384.42 2 1
github.com/apecloud/ape-dts/cmd/ape-dts/main.go:384.42,386.4 1 1
github.com/apecloud/ape-dts/cmd/ape-dts/main.go:387.3,387.39 1 1
github.com/apecloud/ape-dts/cmd/ape-dts/main.go:387.39,389.4 1 1
github.com/apecloud/ape-dts/cmd/ape-dts/main.go:392.2,392.17 1 1
github.com/apecloud/ape-dts/cmd/ape-dts/main.go:392.17,398.3 5 1
github.com/apecloud/ape-dts/cmd/ape-dts/main.go:400.2,400.12 1 1
github.com/apecloud/ape-dts/cmd/ape-dts/main.go:403.38,406.15 1 1
github.com/apecloud/ape-dts/cmd/ape-dts/main.go:406.15,408.3 1 1
github.com/apecloud/ape-dts/cmd/ape-dts/main.go:412.2,412.12 1 1
