mode: set
github.com/apecloud/ape-dts/pkg/common/utils/logger.go:27.13,32.4 1 1
github.com/apecloud/ape-dts/pkg/common/utils/logger.go:32.4,40.3 5 1
github.com/apecloud/ape-dts/pkg/common/utils/logger.go:43.54,44.43 1 1
github.com/apecloud/ape-dts/pkg/common/utils/logger.go:44.43,46.3 1 1
github.com/apecloud/ape-dts/pkg/common/utils/logger.go:47.2,47.31 1 1
github.com/apecloud/ape-dts/pkg/common/utils/logger.go:50.63,51.43 1 1
github.com/apecloud/ape-dts/pkg/common/utils/logger.go:51.43,53.3 1 1
github.com/apecloud/ape-dts/pkg/common/utils/logger.go:56.64,57.43 1 1
github.com/apecloud/ape-dts/pkg/common/utils/logger.go:57.43,59.3 1 1
github.com/apecloud/ape-dts/pkg/common/utils/logger.go:62.35,64.2 1 1
github.com/apecloud/ape-dts/pkg/common/utils/logger.go:66.35,68.2 1 1
github.com/apecloud/ape-dts/pkg/common/utils/logger.go:70.36,72.2 1 1
github.com/apecloud/ape-dts/pkg/common/utils/logger.go:74.39,76.2 1 1
github.com/apecloud/ape-dts/pkg/common/utils/logger.go:78.38,80.2 1 1
github.com/apecloud/ape-dts/pkg/common/utils/logger.go:82.40,84.2 1 1
github.com/apecloud/ape-dts/pkg/common/utils/logger.go:86.39,88.2 1 1
github.com/apecloud/ape-dts/pkg/common/utils/logger.go:90.34,92.2 1 1
github.com/apecloud/ape-dts/pkg/common/utils/logger.go:94.36,96.2 1 1
github.com/apecloud/ape-dts/pkg/common/utils/logger.go:98.35,100.2 1 1
github.com/apecloud/ape-dts/pkg/common/utils/logger.go:102.35,104.2 1 1
github.com/apecloud/ape-dts/pkg/common/utils/logger.go:106.36,108.2 1 1
github.com/apecloud/ape-dts/pkg/common/utils/logger.go:110.35,112.2 1 1
github.com/apecloud/ape-dts/pkg/common/utils/logger.go:114.51,116.2 1 1
github.com/apecloud/ape-dts/pkg/common/utils/logger.go:118.51,120.2 1 1
github.com/apecloud/ape-dts/pkg/common/utils/logger.go:122.52,124.2 1 1
github.com/apecloud/ape-dts/pkg/common/utils/logger.go:126.55,128.2 1 1
github.com/apecloud/ape-dts/pkg/common/utils/logger.go:130.54,132.2 1 1
github.com/apecloud/ape-dts/pkg/common/utils/logger.go:134.56,136.2 1 1
github.com/apecloud/ape-dts/pkg/common/utils/logger.go:138.55,140.2 1 1
github.com/apecloud/ape-dts/pkg/common/utils/logger.go:142.50,144.2 1 1
github.com/apecloud/ape-dts/pkg/common/utils/logger.go:146.52,148.2 1 1
github.com/apecloud/ape-dts/pkg/common/utils/logger.go:150.51,152.2 1 1
github.com/apecloud/ape-dts/pkg/common/utils/logger.go:154.51,156.2 1 1
github.com/apecloud/ape-dts/pkg/common/utils/logger.go:158.52,160.2 1 1
github.com/apecloud/ape-dts/pkg/common/utils/logger.go:162.51,164.2 1 1
github.com/apecloud/ape-dts/pkg/common/utils/time_filter.go:16.74,20.24 3 1
github.com/apecloud/ape-dts/pkg/common/utils/time_filter.go:20.24,23.3 2 1
github.com/apecloud/ape-dts/pkg/common/utils/time_filter.go:23.8,25.17 2 1
github.com/apecloud/ape-dts/pkg/common/utils/time_filter.go:25.17,27.4 1 1
github.com/apecloud/ape-dts/pkg/common/utils/time_filter.go:28.3,29.18 2 1
github.com/apecloud/ape-dts/pkg/common/utils/time_filter.go:32.2,33.22 2 1
github.com/apecloud/ape-dts/pkg/common/utils/time_filter.go:33.22,35.3 1 1
github.com/apecloud/ape-dts/pkg/common/utils/time_filter.go:35.8,37.17 2 1
github.com/apecloud/ape-dts/pkg/common/utils/time_filter.go:37.17,39.4 1 1
github.com/apecloud/ape-dts/pkg/common/utils/time_filter.go:40.3,40.34 1 1
github.com/apecloud/ape-dts/pkg/common/utils/time_filter.go:43.2,48.8 1 1
github.com/apecloud/ape-dts/pkg/common/utils/time_filter.go:51.38,58.2 1 1
github.com/apecloud/ape-dts/pkg/common/utils/time_filter.go:60.60,61.51 1 1
github.com/apecloud/ape-dts/pkg/common/utils/time_filter.go:61.51,63.3 1 1
github.com/apecloud/ape-dts/pkg/common/utils/time_filter.go:65.2,65.61 1 1
github.com/apecloud/ape-dts/pkg/common/utils/time_filter.go:65.61,68.3 2 1
github.com/apecloud/ape-dts/pkg/common/utils/time_filter.go:70.2,70.32 1 1
