mode: set
github.com/apecloud/ape-dts/pkg/common/errors/errors.go:40.32,41.20 1 1
github.com/apecloud/ape-dts/pkg/common/errors/errors.go:41.20,43.3 1 1
github.com/apecloud/ape-dts/pkg/common/errors/errors.go:44.2,44.57 1 1
github.com/apecloud/ape-dts/pkg/common/errors/errors.go:47.32,49.2 1 1
github.com/apecloud/ape-dts/pkg/common/errors/errors.go:51.37,52.16 1 1
github.com/apecloud/ape-dts/pkg/common/errors/errors.go:53.19,54.24 1 1
github.com/apecloud/ape-dts/pkg/common/errors/errors.go:55.22,56.27 1 1
github.com/apecloud/ape-dts/pkg/common/errors/errors.go:57.21,58.26 1 1
github.com/apecloud/ape-dts/pkg/common/errors/errors.go:59.19,60.24 1 1
github.com/apecloud/ape-dts/pkg/common/errors/errors.go:61.22,62.27 1 1
github.com/apecloud/ape-dts/pkg/common/errors/errors.go:63.19,64.24 1 1
github.com/apecloud/ape-dts/pkg/common/errors/errors.go:65.17,66.21 1 1
github.com/apecloud/ape-dts/pkg/common/errors/errors.go:67.23,68.28 1 1
github.com/apecloud/ape-dts/pkg/common/errors/errors.go:69.21,70.27 1 1
github.com/apecloud/ape-dts/pkg/common/errors/errors.go:71.21,72.27 1 1
github.com/apecloud/ape-dts/pkg/common/errors/errors.go:73.24,74.30 1 1
github.com/apecloud/ape-dts/pkg/common/errors/errors.go:75.21,76.26 1 1
github.com/apecloud/ape-dts/pkg/common/errors/errors.go:77.15,78.20 1 1
github.com/apecloud/ape-dts/pkg/common/errors/errors.go:79.17,80.22 1 1
github.com/apecloud/ape-dts/pkg/common/errors/errors.go:81.17,82.22 1 1
github.com/apecloud/ape-dts/pkg/common/errors/errors.go:83.20,84.25 1 1
github.com/apecloud/ape-dts/pkg/common/errors/errors.go:85.19,86.24 1 1
github.com/apecloud/ape-dts/pkg/common/errors/errors.go:87.23,88.29 1 1
github.com/apecloud/ape-dts/pkg/common/errors/errors.go:89.22,90.28 1 1
github.com/apecloud/ape-dts/pkg/common/errors/errors.go:91.17,92.22 1 1
github.com/apecloud/ape-dts/pkg/common/errors/errors.go:93.23,94.29 1 1
github.com/apecloud/ape-dts/pkg/common/errors/errors.go:95.16,96.21 1 1
github.com/apecloud/ape-dts/pkg/common/errors/errors.go:97.10,98.25 1 0
github.com/apecloud/ape-dts/pkg/common/errors/errors.go:102.52,107.2 1 1
github.com/apecloud/ape-dts/pkg/common/errors/errors.go:109.66,115.2 1 1
