mode: set
github.com/apecloud/ape-dts/pkg/common/errors/errors.go:40.32,41.20 1 1
github.com/apecloud/ape-dts/pkg/common/errors/errors.go:41.20,43.3 1 1
github.com/apecloud/ape-dts/pkg/common/errors/errors.go:44.2,44.57 1 1
github.com/apecloud/ape-dts/pkg/common/errors/errors.go:47.32,49.2 1 1
github.com/apecloud/ape-dts/pkg/common/errors/errors.go:51.37,52.16 1 1
github.com/apecloud/ape-dts/pkg/common/errors/errors.go:53.19,54.24 1 1
github.com/apecloud/ape-dts/pkg/common/errors/errors.go:55.22,56.27 1 1
github.com/apecloud/ape-dts/pkg/common/errors/errors.go:57.21,58.26 1 1
github.com/apecloud/ape-dts/pkg/common/errors/errors.go:59.19,60.24 1 1
github.com/apecloud/ape-dts/pkg/common/errors/errors.go:61.22,62.27 1 1
github.com/apecloud/ape-dts/pkg/common/errors/errors.go:63.19,64.24 1 1
github.com/apecloud/ape-dts/pkg/common/errors/errors.go:65.17,66.21 1 1
github.com/apecloud/ape-dts/pkg/common/errors/errors.go:67.23,68.28 1 1
github.com/apecloud/ape-dts/pkg/common/errors/errors.go:69.21,70.27 1 1
github.com/apecloud/ape-dts/pkg/common/errors/errors.go:71.21,72.27 1 1
github.com/apecloud/ape-dts/pkg/common/errors/errors.go:73.24,74.30 1 1
github.com/apecloud/ape-dts/pkg/common/errors/errors.go:75.21,76.26 1 1
github.com/apecloud/ape-dts/pkg/common/errors/errors.go:77.15,78.20 1 1
github.com/apecloud/ape-dts/pkg/common/errors/errors.go:79.17,80.22 1 1
github.com/apecloud/ape-dts/pkg/common/errors/errors.go:81.17,82.22 1 1
github.com/apecloud/ape-dts/pkg/common/errors/errors.go:83.20,84.25 1 1
github.com/apecloud/ape-dts/pkg/common/errors/errors.go:85.19,86.24 1 1
github.com/apecloud/ape-dts/pkg/common/errors/errors.go:87.23,88.29 1 1
github.com/apecloud/ape-dts/pkg/common/errors/errors.go:89.22,90.28 1 1
github.com/apecloud/ape-dts/pkg/common/errors/errors.go:91.17,92.22 1 1
github.com/apecloud/ape-dts/pkg/common/errors/errors.go:93.23,94.29 1 1
github.com/apecloud/ape-dts/pkg/common/errors/errors.go:95.16,96.21 1 1
github.com/apecloud/ape-dts/pkg/common/errors/errors.go:97.10,98.25 1 0
github.com/apecloud/ape-dts/pkg/common/errors/errors.go:102.52,107.2 1 1
github.com/apecloud/ape-dts/pkg/common/errors/errors.go:109.66,115.2 1 1
github.com/apecloud/ape-dts/pkg/common/utils/logger.go:27.13,32.4 1 1
github.com/apecloud/ape-dts/pkg/common/utils/logger.go:32.4,40.3 5 1
github.com/apecloud/ape-dts/pkg/common/utils/logger.go:43.54,44.43 1 1
github.com/apecloud/ape-dts/pkg/common/utils/logger.go:44.43,46.3 1 1
github.com/apecloud/ape-dts/pkg/common/utils/logger.go:47.2,47.31 1 1
github.com/apecloud/ape-dts/pkg/common/utils/logger.go:50.63,51.43 1 1
github.com/apecloud/ape-dts/pkg/common/utils/logger.go:51.43,53.3 1 1
github.com/apecloud/ape-dts/pkg/common/utils/logger.go:56.64,57.43 1 1
github.com/apecloud/ape-dts/pkg/common/utils/logger.go:57.43,59.3 1 1
github.com/apecloud/ape-dts/pkg/common/utils/logger.go:62.35,64.2 1 1
github.com/apecloud/ape-dts/pkg/common/utils/logger.go:66.35,68.2 1 1
github.com/apecloud/ape-dts/pkg/common/utils/logger.go:70.36,72.2 1 1
github.com/apecloud/ape-dts/pkg/common/utils/logger.go:74.39,76.2 1 1
github.com/apecloud/ape-dts/pkg/common/utils/logger.go:78.38,80.2 1 1
github.com/apecloud/ape-dts/pkg/common/utils/logger.go:82.40,84.2 1 1
github.com/apecloud/ape-dts/pkg/common/utils/logger.go:86.39,88.2 1 1
github.com/apecloud/ape-dts/pkg/common/utils/logger.go:90.34,92.2 1 1
github.com/apecloud/ape-dts/pkg/common/utils/logger.go:94.36,96.2 1 1
github.com/apecloud/ape-dts/pkg/common/utils/logger.go:98.35,100.2 1 1
github.com/apecloud/ape-dts/pkg/common/utils/logger.go:102.35,104.2 1 1
github.com/apecloud/ape-dts/pkg/common/utils/logger.go:106.36,108.2 1 1
github.com/apecloud/ape-dts/pkg/common/utils/logger.go:110.35,112.2 1 1
github.com/apecloud/ape-dts/pkg/common/utils/logger.go:114.51,116.2 1 1
github.com/apecloud/ape-dts/pkg/common/utils/logger.go:118.51,120.2 1 1
github.com/apecloud/ape-dts/pkg/common/utils/logger.go:122.52,124.2 1 1
github.com/apecloud/ape-dts/pkg/common/utils/logger.go:126.55,128.2 1 1
github.com/apecloud/ape-dts/pkg/common/utils/logger.go:130.54,132.2 1 1
github.com/apecloud/ape-dts/pkg/common/utils/logger.go:134.56,136.2 1 1
github.com/apecloud/ape-dts/pkg/common/utils/logger.go:138.55,140.2 1 1
github.com/apecloud/ape-dts/pkg/common/utils/logger.go:142.50,144.2 1 1
github.com/apecloud/ape-dts/pkg/common/utils/logger.go:146.52,148.2 1 1
github.com/apecloud/ape-dts/pkg/common/utils/logger.go:150.51,152.2 1 1
github.com/apecloud/ape-dts/pkg/common/utils/logger.go:154.51,156.2 1 1
github.com/apecloud/ape-dts/pkg/common/utils/logger.go:158.52,160.2 1 1
github.com/apecloud/ape-dts/pkg/common/utils/logger.go:162.51,164.2 1 1
github.com/apecloud/ape-dts/pkg/common/utils/time_filter.go:16.74,20.24 3 1
github.com/apecloud/ape-dts/pkg/common/utils/time_filter.go:20.24,23.3 2 1
github.com/apecloud/ape-dts/pkg/common/utils/time_filter.go:23.8,25.17 2 1
github.com/apecloud/ape-dts/pkg/common/utils/time_filter.go:25.17,27.4 1 1
github.com/apecloud/ape-dts/pkg/common/utils/time_filter.go:28.3,29.18 2 1
github.com/apecloud/ape-dts/pkg/common/utils/time_filter.go:32.2,33.22 2 1
github.com/apecloud/ape-dts/pkg/common/utils/time_filter.go:33.22,35.3 1 1
github.com/apecloud/ape-dts/pkg/common/utils/time_filter.go:35.8,37.17 2 1
github.com/apecloud/ape-dts/pkg/common/utils/time_filter.go:37.17,39.4 1 1
github.com/apecloud/ape-dts/pkg/common/utils/time_filter.go:40.3,40.34 1 1
github.com/apecloud/ape-dts/pkg/common/utils/time_filter.go:43.2,48.8 1 1
github.com/apecloud/ape-dts/pkg/common/utils/time_filter.go:51.38,58.2 1 1
github.com/apecloud/ape-dts/pkg/common/utils/time_filter.go:60.60,61.51 1 1
github.com/apecloud/ape-dts/pkg/common/utils/time_filter.go:61.51,63.3 1 1
github.com/apecloud/ape-dts/pkg/common/utils/time_filter.go:65.2,65.61 1 1
github.com/apecloud/ape-dts/pkg/common/utils/time_filter.go:65.61,68.3 2 1
github.com/apecloud/ape-dts/pkg/common/utils/time_filter.go:70.2,70.32 1 1
github.com/apecloud/ape-dts/pkg/common/config/enums.go:52.33,53.36 1 1
github.com/apecloud/ape-dts/pkg/common/config/enums.go:53.36,55.3 1 1
github.com/apecloud/ape-dts/pkg/common/config/enums.go:56.2,56.16 1 0
github.com/apecloud/ape-dts/pkg/common/config/enums.go:59.44,60.56 1 1
github.com/apecloud/ape-dts/pkg/common/config/enums.go:60.56,62.3 1 1
github.com/apecloud/ape-dts/pkg/common/config/enums.go:63.2,63.58 1 1
github.com/apecloud/ape-dts/pkg/common/config/enums.go:104.38,105.41 1 1
github.com/apecloud/ape-dts/pkg/common/config/enums.go:105.41,107.3 1 1
github.com/apecloud/ape-dts/pkg/common/config/enums.go:108.2,108.19 1 0
github.com/apecloud/ape-dts/pkg/common/config/enums.go:111.54,112.66 1 1
github.com/apecloud/ape-dts/pkg/common/config/enums.go:112.66,114.3 1 1
github.com/apecloud/ape-dts/pkg/common/config/enums.go:115.2,115.71 1 1
github.com/apecloud/ape-dts/pkg/common/config/enums.go:153.35,154.38 1 1
github.com/apecloud/ape-dts/pkg/common/config/enums.go:154.38,156.3 1 1
github.com/apecloud/ape-dts/pkg/common/config/enums.go:157.2,157.16 1 0
github.com/apecloud/ape-dts/pkg/common/config/enums.go:160.48,161.60 1 1
github.com/apecloud/ape-dts/pkg/common/config/enums.go:161.60,163.3 1 1
github.com/apecloud/ape-dts/pkg/common/config/enums.go:164.2,164.62 1 1
github.com/apecloud/ape-dts/pkg/common/config/enums.go:205.39,206.42 1 1
github.com/apecloud/ape-dts/pkg/common/config/enums.go:206.42,208.3 1 1
github.com/apecloud/ape-dts/pkg/common/config/enums.go:209.2,209.17 1 0
github.com/apecloud/ape-dts/pkg/common/config/enums.go:212.56,213.68 1 1
github.com/apecloud/ape-dts/pkg/common/config/enums.go:213.68,215.3 1 1
github.com/apecloud/ape-dts/pkg/common/config/enums.go:216.2,216.71 1 1
github.com/apecloud/ape-dts/pkg/common/config/enums.go:236.39,237.42 1 1
github.com/apecloud/ape-dts/pkg/common/config/enums.go:237.42,239.3 1 1
github.com/apecloud/ape-dts/pkg/common/config/enums.go:240.2,240.16 1 0
github.com/apecloud/ape-dts/pkg/common/config/enums.go:243.56,244.68 1 1
github.com/apecloud/ape-dts/pkg/common/config/enums.go:244.68,246.3 1 1
github.com/apecloud/ape-dts/pkg/common/config/enums.go:247.2,247.70 1 1
github.com/apecloud/ape-dts/pkg/common/config/enums.go:267.41,268.44 1 1
github.com/apecloud/ape-dts/pkg/common/config/enums.go:268.44,270.3 1 1
github.com/apecloud/ape-dts/pkg/common/config/enums.go:271.2,271.20 1 0
github.com/apecloud/ape-dts/pkg/common/config/enums.go:274.60,275.64 1 1
github.com/apecloud/ape-dts/pkg/common/config/enums.go:275.64,277.3 1 1
github.com/apecloud/ape-dts/pkg/common/config/enums.go:278.2,278.78 1 1
github.com/apecloud/ape-dts/pkg/common/config/enums.go:304.35,305.38 1 1
github.com/apecloud/ape-dts/pkg/common/config/enums.go:305.38,307.3 1 1
github.com/apecloud/ape-dts/pkg/common/config/enums.go:308.2,308.19 1 0
github.com/apecloud/ape-dts/pkg/common/config/enums.go:311.48,312.60 1 1
github.com/apecloud/ape-dts/pkg/common/config/enums.go:312.60,314.3 1 1
github.com/apecloud/ape-dts/pkg/common/config/enums.go:315.2,315.65 1 1
github.com/apecloud/ape-dts/pkg/common/config/enums.go:318.82,319.9 1 1
github.com/apecloud/ape-dts/pkg/common/config/enums.go:320.70,321.29 1 1
github.com/apecloud/ape-dts/pkg/common/config/enums.go:322.71,323.31 1 1
github.com/apecloud/ape-dts/pkg/common/config/enums.go:324.66,325.26 1 1
github.com/apecloud/ape-dts/pkg/common/config/enums.go:326.71,327.28 1 1
github.com/apecloud/ape-dts/pkg/common/config/enums.go:328.106,329.28 1 1
github.com/apecloud/ape-dts/pkg/common/config/enums.go:330.10,331.119 1 1
github.com/apecloud/ape-dts/pkg/common/config/task_config.go:113.60,114.55 1 1
github.com/apecloud/ape-dts/pkg/common/config/task_config.go:114.55,116.3 1 1
github.com/apecloud/ape-dts/pkg/common/config/task_config.go:118.2,119.16 2 1
github.com/apecloud/ape-dts/pkg/common/config/task_config.go:119.16,121.3 1 0
github.com/apecloud/ape-dts/pkg/common/config/task_config.go:123.2,125.56 2 1
github.com/apecloud/ape-dts/pkg/common/config/task_config.go:125.56,127.3 1 1
github.com/apecloud/ape-dts/pkg/common/config/task_config.go:129.2,129.53 1 1
github.com/apecloud/ape-dts/pkg/common/config/task_config.go:129.53,131.3 1 1
github.com/apecloud/ape-dts/pkg/common/config/task_config.go:133.2,133.54 1 1
github.com/apecloud/ape-dts/pkg/common/config/task_config.go:133.54,135.3 1 0
github.com/apecloud/ape-dts/pkg/common/config/task_config.go:137.2,137.59 1 1
github.com/apecloud/ape-dts/pkg/common/config/task_config.go:137.59,139.3 1 1
github.com/apecloud/ape-dts/pkg/common/config/task_config.go:141.2,141.55 1 1
github.com/apecloud/ape-dts/pkg/common/config/task_config.go:141.55,143.3 1 0
github.com/apecloud/ape-dts/pkg/common/config/task_config.go:145.2,145.53 1 1
github.com/apecloud/ape-dts/pkg/common/config/task_config.go:145.53,147.3 1 0
github.com/apecloud/ape-dts/pkg/common/config/task_config.go:149.2,149.53 1 1
github.com/apecloud/ape-dts/pkg/common/config/task_config.go:149.53,151.3 1 0
github.com/apecloud/ape-dts/pkg/common/config/task_config.go:153.2,153.54 1 1
github.com/apecloud/ape-dts/pkg/common/config/task_config.go:153.54,155.3 1 0
github.com/apecloud/ape-dts/pkg/common/config/task_config.go:157.2,157.20 1 1
github.com/apecloud/ape-dts/pkg/common/config/task_config.go:160.64,165.16 4 1
github.com/apecloud/ape-dts/pkg/common/config/task_config.go:165.16,167.3 1 0
github.com/apecloud/ape-dts/pkg/common/config/task_config.go:169.2,171.16 3 1
github.com/apecloud/ape-dts/pkg/common/config/task_config.go:171.16,173.3 1 1
github.com/apecloud/ape-dts/pkg/common/config/task_config.go:175.2,181.12 2 1
github.com/apecloud/ape-dts/pkg/common/config/task_config.go:184.61,189.16 4 1
github.com/apecloud/ape-dts/pkg/common/config/task_config.go:189.16,191.3 1 0
github.com/apecloud/ape-dts/pkg/common/config/task_config.go:193.2,195.16 3 1
github.com/apecloud/ape-dts/pkg/common/config/task_config.go:195.16,197.3 1 1
github.com/apecloud/ape-dts/pkg/common/config/task_config.go:199.2,206.12 2 1
github.com/apecloud/ape-dts/pkg/common/config/task_config.go:209.62,220.2 3 1
github.com/apecloud/ape-dts/pkg/common/config/task_config.go:222.67,227.16 4 1
github.com/apecloud/ape-dts/pkg/common/config/task_config.go:227.16,229.3 1 1
github.com/apecloud/ape-dts/pkg/common/config/task_config.go:231.2,236.12 2 1
github.com/apecloud/ape-dts/pkg/common/config/task_config.go:239.63,244.16 4 1
github.com/apecloud/ape-dts/pkg/common/config/task_config.go:244.16,246.3 1 0
github.com/apecloud/ape-dts/pkg/common/config/task_config.go:248.2,262.12 2 1
github.com/apecloud/ape-dts/pkg/common/config/task_config.go:265.61,283.2 3 1
github.com/apecloud/ape-dts/pkg/common/config/task_config.go:285.61,296.2 3 1
github.com/apecloud/ape-dts/pkg/common/config/task_config.go:298.62,308.2 3 1
